<?xml version="1.0" encoding="UTF-8"?>
<testsuite xmlns:xsi="http://www.w3.org/2001/XMLSchema-instance" xsi:noNamespaceSchemaLocation="https://maven.apache.org/surefire/maven-surefire-plugin/xsd/surefire-test-report.xsd" name="net.javacore.csvdesktopviewer.CellTest" time="0.04" tests="6" errors="0" skipped="0" failures="0">
  <properties>
[...]
</properties>
  <testcase name="testGetValue" classname="net.javacore.csvdesktopviewer.CellTest" time="0.024"/>
  <testcase name="testCell" classname="net.javacore.csvdesktopviewer.CellTest" time="0.001"/>
  <testcase name="testIsHeading" classname="net.javacore.csvdesktopviewer.CellTest" time="0.001"/>
  <testcase name="testGetRowIndex" classname="net.javacore.csvdesktopviewer.CellTest" time="0.001"/>
  <testcase name="testGetColumnIndex" classname="net.javacore.csvdesktopviewer.CellTest" time="0.001"/>
  <testcase name="testSetValue" classname="net.javacore.csvdesktopviewer.CellTest" time="0"/>
</testsuite>